Traceback (most recent call last):
  File "<string>", line 2, in <module>
ModuleNotFoundError: No module named 'brainiak.utils.fmriroi'
/home/csimmon2/anaconda3/envs/brainiak_env/lib/python3.7/site-packages/nilearn/__init__.py:67: FutureWarning: Python 3.7 support is deprecated and will be removed in release 0.12 of Nilearn. Consider switching to Python 3.9 or 3.10.
  _python_deprecation_warnings()
2025-01-10 09:46:09,919 - INFO - Running searchlight analysis with GCA for nontool localizer...
2025-01-10 09:46:12,176 - INFO - Memory usage after start of ROI/hemi iteration: 142.36 MB
2025-01-10 09:46:12,235 - INFO - Memory usage after start of run combination: 142.36 MB
2025-01-10 09:46:12,235 - INFO - Processing pIPS left for run combination [1, 2] for subject sub-spaceloc2015
2025-01-10 09:46:14,608 - INFO - Functional image: shape=(208, 240, 256, 341), affine=
[[ 9.99946475e-01 -4.61947313e-03  9.51682404e-03 -1.02098686e+02]
 [ 4.95674461e-03  9.99349356e-01 -3.57248671e-02 -9.79516907e+01]
 [-9.34562460e-03  3.57700400e-02  9.99316335e-01 -1.20434341e+02]
 [ 0.00000000e+00  0.00000000e+00  0.00000000e+00  1.00000000e+00]]
2025-01-10 09:47:18,175 - INFO - Generated mask: shape=(208, 240, 256), affine=
[[ 9.99946475e-01 -4.61947313e-03  9.51682404e-03 -1.02098686e+02]
 [ 4.95674461e-03  9.99349356e-01 -3.57248671e-02 -9.79516907e+01]
 [-9.34562460e-03  3.57700400e-02  9.99316335e-01 -1.20434341e+02]
 [ 0.00000000e+00  0.00000000e+00  0.00000000e+00  1.00000000e+00]]
2025-01-10 09:48:58,765 - INFO - Cleaned data: shape=(208, 240, 256, 341), min=-12.418290138244629, max=12.775814056396484, mean=3.668837614258976e-13
2025-01-10 09:48:58,856 - INFO - Memory usage after after loading and cleaning run: 33462.07 MB
2025-01-10 09:48:58,856 - INFO - Memory usage after after loading analysis run: 33462.07 MB
2025-01-10 09:51:21,856 - INFO - Memory usage after after ROI extraction: 33465.27 MB
2025-01-10 09:51:21,856 - INFO - Creating Searchlight object for pIPS left...
2025-01-10 09:51:21,858 - INFO - Searchlight object created.
2025-01-10 09:51:21,858 - INFO - Distributing data...
2025-01-10 09:52:03,627 - INFO - Memory usage after after data distribution: 35938.68 MB
2025-01-10 09:52:03,628 - INFO - Broadcasting pIPS time series and psychological covariate...
2025-01-10 09:52:03,628 - INFO - Broadcasting completed.
2025-01-10 09:52:03,628 - INFO - Starting searchlight analysis...
