Traceback (most recent call last):
  File "<string>", line 2, in <module>
ModuleNotFoundError: No module named 'brainiak.utils.fmriroi'
/home/csimmon2/anaconda3/envs/brainiak_env/lib/python3.7/site-packages/nilearn/__init__.py:67: FutureWarning: Python 3.7 support is deprecated and will be removed in release 0.12 of Nilearn. Consider switching to Python 3.9 or 3.10.
  _python_deprecation_warnings()
2024-12-13 10:44:05,911 - INFO - Running searchlight analysis with GCA for Tool localizer...
2024-12-13 10:44:05,966 - INFO - Memory usage after start of ROI/hemi iteration: 142.45 MB
2024-12-13 10:44:06,004 - INFO - Memory usage after start of run combination: 142.45 MB
2024-12-13 10:44:06,005 - INFO - Processing pIPS left for run combination [1, 2] for subject sub-spaceloc1003
2024-12-13 10:44:06,005 - INFO - Output file /lab_data/behrmannlab/vlad/ptoc/sub-spaceloc1003/ses-01//derivatives/gca/searchlight_result_tool_runs12_pIPS_left.nii.gz already exists. Skipping this run.
2024-12-13 10:44:06,040 - INFO - Memory usage after start of run combination: 142.45 MB
2024-12-13 10:44:06,040 - INFO - Processing pIPS left for run combination [2, 1] for subject sub-spaceloc1003
2024-12-13 10:44:06,080 - INFO - Functional image: shape=(208, 240, 256, 341), affine=
[[ 9.98199344e-01 -2.93113440e-02  5.23613729e-02 -1.07260475e+02]
 [ 1.76451504e-02  9.77381229e-01  2.10747555e-01 -1.26807861e+02]
 [-5.73543981e-02 -2.09443852e-01  9.76137161e-01 -1.15901955e+02]
 [ 0.00000000e+00  0.00000000e+00  0.00000000e+00  1.00000000e+00]]
2024-12-13 10:45:47,952 - INFO - Generated mask: shape=(208, 240, 256), affine=
[[ 9.98199344e-01 -2.93113440e-02  5.23613729e-02 -1.07260475e+02]
 [ 1.76451504e-02  9.77381229e-01  2.10747555e-01 -1.26807861e+02]
 [-5.73543981e-02 -2.09443852e-01  9.76137161e-01 -1.15901955e+02]
 [ 0.00000000e+00  0.00000000e+00  0.00000000e+00  1.00000000e+00]]
2024-12-13 10:50:25,949 - INFO - Cleaned data: shape=(208, 240, 256, 341), min=-11.787693977355957, max=14.055323600769043, mean=4.1778825717139553e-13
2024-12-13 10:50:27,476 - INFO - Memory usage after after loading and cleaning run: 33458.53 MB
2024-12-13 10:50:27,477 - INFO - Memory usage after after loading analysis run: 33458.53 MB
2024-12-13 10:56:45,512 - INFO - Memory usage after after ROI extraction: 33460.20 MB
2024-12-13 10:56:45,512 - INFO - Creating Searchlight object for pIPS left...
2024-12-13 10:56:45,514 - INFO - Searchlight object created.
2024-12-13 10:56:45,514 - INFO - Distributing data...
2024-12-13 10:59:08,524 - INFO - Memory usage after after data distribution: 36490.25 MB
2024-12-13 10:59:08,524 - INFO - Broadcasting pIPS time series and psychological covariate...
2024-12-13 10:59:08,524 - INFO - Broadcasting completed.
2024-12-13 10:59:08,525 - INFO - Starting searchlight analysis...
