Traceback (most recent call last):
  File "<string>", line 2, in <module>
ModuleNotFoundError: No module named 'brainiak.utils.fmriroi'
/home/csimmon2/anaconda3/envs/brainiak_env/lib/python3.7/site-packages/nilearn/__init__.py:67: FutureWarning: Python 3.7 support is deprecated and will be removed in release 0.12 of Nilearn. Consider switching to Python 3.9 or 3.10.
  _python_deprecation_warnings()
2025-01-04 13:14:44,278 - INFO - Running searchlight analysis with GCA for Tool localizer...
2025-01-04 13:14:44,327 - INFO - Memory usage after start of ROI/hemi iteration: 142.65 MB
2025-01-04 13:14:44,364 - INFO - Memory usage after start of run combination: 142.65 MB
2025-01-04 13:14:44,364 - INFO - Processing pIPS left for run combination [1, 2] for subject sub-spaceloc2016
2025-01-04 13:14:44,463 - INFO - Output file /lab_data/behrmannlab/vlad/ptoc/sub-spaceloc2016/ses-01//derivatives/gca/searchlight_result_tool_runs12_pIPS_left_1217.nii.gz already exists. Skipping this run.
2025-01-04 13:14:44,515 - INFO - Memory usage after start of run combination: 142.65 MB
2025-01-04 13:14:44,515 - INFO - Processing pIPS left for run combination [2, 1] for subject sub-spaceloc2016
2025-01-04 13:14:44,516 - INFO - Output file /lab_data/behrmannlab/vlad/ptoc/sub-spaceloc2016/ses-01//derivatives/gca/searchlight_result_tool_runs21_pIPS_left_1217.nii.gz already exists. Skipping this run.
2025-01-04 13:14:44,558 - INFO - Memory usage after start of ROI/hemi iteration: 142.65 MB
2025-01-04 13:14:44,596 - INFO - Memory usage after start of run combination: 142.65 MB
2025-01-04 13:14:44,596 - INFO - Processing pIPS right for run combination [1, 2] for subject sub-spaceloc2016
2025-01-04 13:14:44,596 - INFO - Output file /lab_data/behrmannlab/vlad/ptoc/sub-spaceloc2016/ses-01//derivatives/gca/searchlight_result_tool_runs12_pIPS_right_1217.nii.gz already exists. Skipping this run.
2025-01-04 13:14:44,633 - INFO - Memory usage after start of run combination: 142.65 MB
2025-01-04 13:14:44,633 - INFO - Processing pIPS right for run combination [2, 1] for subject sub-spaceloc2016
2025-01-04 13:14:44,633 - INFO - Output file /lab_data/behrmannlab/vlad/ptoc/sub-spaceloc2016/ses-01//derivatives/gca/searchlight_result_tool_runs21_pIPS_right_1217.nii.gz already exists. Skipping this run.
2025-01-04 13:14:44,668 - INFO - Memory usage after start of ROI/hemi iteration: 142.65 MB
2025-01-04 13:14:44,702 - INFO - Memory usage after start of run combination: 142.65 MB
2025-01-04 13:14:44,702 - INFO - Processing LO left for run combination [1, 2] for subject sub-spaceloc2016
2025-01-04 13:14:44,703 - INFO - Output file /lab_data/behrmannlab/vlad/ptoc/sub-spaceloc2016/ses-01//derivatives/gca/searchlight_result_tool_runs12_LO_left_1217.nii.gz already exists. Skipping this run.
2025-01-04 13:14:44,737 - INFO - Memory usage after start of run combination: 142.65 MB
2025-01-04 13:14:44,737 - INFO - Processing LO left for run combination [2, 1] for subject sub-spaceloc2016
2025-01-04 13:14:44,737 - INFO - Output file /lab_data/behrmannlab/vlad/ptoc/sub-spaceloc2016/ses-01//derivatives/gca/searchlight_result_tool_runs21_LO_left_1217.nii.gz already exists. Skipping this run.
2025-01-04 13:14:44,772 - INFO - Memory usage after start of ROI/hemi iteration: 142.65 MB
2025-01-04 13:14:44,806 - INFO - Memory usage after start of run combination: 142.65 MB
2025-01-04 13:14:44,806 - INFO - Processing LO right for run combination [1, 2] for subject sub-spaceloc2016
2025-01-04 13:14:44,806 - INFO - Output file /lab_data/behrmannlab/vlad/ptoc/sub-spaceloc2016/ses-01//derivatives/gca/searchlight_result_tool_runs12_LO_right_1217.nii.gz already exists. Skipping this run.
2025-01-04 13:14:44,841 - INFO - Memory usage after start of run combination: 142.65 MB
2025-01-04 13:14:44,841 - INFO - Processing LO right for run combination [2, 1] for subject sub-spaceloc2016
2025-01-04 13:14:44,848 - INFO - Output file /lab_data/behrmannlab/vlad/ptoc/sub-spaceloc2016/ses-01//derivatives/gca/searchlight_result_tool_runs21_LO_right_1217.nii.gz already exists. Skipping this run.
2025-01-04 13:14:44,848 - INFO - Completed searchlight analysis with GCA for all subjects
Processing subject: sub-spaceloc2016
