Traceback (most recent call last):
  File "<string>", line 2, in <module>
ModuleNotFoundError: No module named 'brainiak.utils.fmriroi'
/home/csimmon2/anaconda3/envs/brainiak_env/lib/python3.7/site-packages/nilearn/__init__.py:67: FutureWarning: Python 3.7 support is deprecated and will be removed in release 0.12 of Nilearn. Consider switching to Python 3.9 or 3.10.
  _python_deprecation_warnings()
2024-12-16 10:14:48,812 - INFO - Running searchlight analysis with GCA for Tool localizer...
2024-12-16 10:14:48,866 - INFO - Memory usage after start of ROI/hemi iteration: 142.45 MB
2024-12-16 10:14:48,904 - INFO - Memory usage after start of run combination: 142.45 MB
2024-12-16 10:14:48,904 - INFO - Processing pIPS left for run combination [1, 2] for subject sub-spaceloc2014
2024-12-16 10:14:48,909 - INFO - Output file /lab_data/behrmannlab/vlad/ptoc/sub-spaceloc2014/ses-01//derivatives/gca/searchlight_result_tool_runs12_pIPS_left.nii.gz already exists. Skipping this run.
2024-12-16 10:14:48,950 - INFO - Memory usage after start of run combination: 142.45 MB
2024-12-16 10:14:48,950 - INFO - Processing pIPS left for run combination [2, 1] for subject sub-spaceloc2014
2024-12-16 10:14:48,951 - INFO - Output file /lab_data/behrmannlab/vlad/ptoc/sub-spaceloc2014/ses-01//derivatives/gca/searchlight_result_tool_runs21_pIPS_left.nii.gz already exists. Skipping this run.
2024-12-16 10:14:48,992 - INFO - Memory usage after start of ROI/hemi iteration: 142.45 MB
2024-12-16 10:14:49,031 - INFO - Memory usage after start of run combination: 142.45 MB
2024-12-16 10:14:49,032 - INFO - Processing pIPS right for run combination [1, 2] for subject sub-spaceloc2014
2024-12-16 10:14:49,032 - INFO - Output file /lab_data/behrmannlab/vlad/ptoc/sub-spaceloc2014/ses-01//derivatives/gca/searchlight_result_tool_runs12_pIPS_right.nii.gz already exists. Skipping this run.
2024-12-16 10:14:49,069 - INFO - Memory usage after start of run combination: 142.45 MB
2024-12-16 10:14:49,070 - INFO - Processing pIPS right for run combination [2, 1] for subject sub-spaceloc2014
2024-12-16 10:14:49,332 - INFO - Functional image: shape=(208, 240, 256, 341), affine=
[[ 9.99893308e-01  9.16482415e-03  1.15016270e-02 -1.07700768e+02]
 [-1.25829084e-02  9.37968910e-01  3.46490949e-01 -1.38970154e+02]
 [-7.61265075e-03 -3.46598208e-01  9.37982798e-01 -8.45175552e+01]
 [ 0.00000000e+00  0.00000000e+00  0.00000000e+00  1.00000000e+00]]
