Traceback (most recent call last):
  File "<string>", line 2, in <module>
ModuleNotFoundError: No module named 'brainiak.utils.fmriroi'
/home/csimmon2/anaconda3/envs/brainiak_env/lib/python3.7/site-packages/nilearn/__init__.py:67: FutureWarning: Python 3.7 support is deprecated and will be removed in release 0.12 of Nilearn. Consider switching to Python 3.9 or 3.10.
  _python_deprecation_warnings()
2025-01-01 15:38:24,166 - INFO - Running searchlight analysis with GCA for Tool localizer...
2025-01-01 15:38:24,203 - INFO - Memory usage after start of ROI/hemi iteration: 142.68 MB
2025-01-01 15:38:24,233 - INFO - Memory usage after start of run combination: 142.68 MB
2025-01-01 15:38:24,233 - INFO - Processing pIPS left for run combination [1, 2] for subject sub-spaceloc2013
2025-01-01 15:38:24,288 - INFO - Functional image: shape=(208, 240, 256, 341), affine=
[[ 9.99755800e-01  2.12743282e-02  6.17846474e-03 -1.06594749e+02]
 [-2.02990565e-02  9.91421103e-01 -1.29120693e-01 -7.44665527e+01]
 [-8.87242611e-03  1.28963575e-01  9.91609633e-01 -1.54609146e+02]
 [ 0.00000000e+00  0.00000000e+00  0.00000000e+00  1.00000000e+00]]
2025-01-01 15:40:02,837 - INFO - Generated mask: shape=(208, 240, 256), affine=
[[ 9.99755800e-01  2.12743282e-02  6.17846474e-03 -1.06594749e+02]
 [-2.02990565e-02  9.91421103e-01 -1.29120693e-01 -7.44665527e+01]
 [-8.87242611e-03  1.28963575e-01  9.91609633e-01 -1.54609146e+02]
 [ 0.00000000e+00  0.00000000e+00  0.00000000e+00  1.00000000e+00]]
2025-01-01 15:42:25,176 - INFO - Cleaned data: shape=(208, 240, 256, 341), min=-12.668149948120117, max=14.110260963439941, mean=2.9963538793536875e-12
2025-01-01 15:42:25,310 - INFO - Memory usage after after loading and cleaning run: 33458.16 MB
2025-01-01 15:42:25,310 - INFO - Memory usage after after loading analysis run: 33458.16 MB
2025-01-01 15:47:30,006 - INFO - Memory usage after after ROI extraction: 33459.91 MB
2025-01-01 15:47:30,007 - INFO - Creating Searchlight object for pIPS left...
2025-01-01 15:47:30,009 - INFO - Searchlight object created.
2025-01-01 15:47:30,009 - INFO - Distributing data...
2025-01-01 15:49:12,957 - INFO - Memory usage after after data distribution: 35390.34 MB
2025-01-01 15:49:12,957 - INFO - Broadcasting pIPS time series and psychological covariate...
2025-01-01 15:49:12,957 - INFO - Broadcasting completed.
2025-01-01 15:49:12,958 - INFO - Starting searchlight analysis...
