✅ Received subject from command line: sub-085
Processing subject: sub-085
Processing Hemisphere: left
Processing run combination [1, 2] for left
Completed run combination [1, 2] for left in 608.73 seconds
Processing run combination [1, 3] for left
Completed run combination [1, 3] for left in 606.19 seconds
Processing run combination [2, 3] for left
Completed run combination [2, 3] for left in 580.92 seconds
Saved FC result for left
Completed left in 1796.83 seconds
Processing Hemisphere: right
Processing run combination [1, 2] for right
Completed run combination [1, 2] for right in 568.82 seconds
Processing run combination [1, 3] for right
Completed run combination [1, 3] for right in 571.92 seconds
Processing run combination [2, 3] for right
Completed run combination [2, 3] for right in 564.09 seconds
Saved FC result for right
Completed right in 1705.62 seconds
