✅ Received subject from command line: sub-094
Processing subject: sub-094
Processing Hemisphere: left
Processing run combination [1, 2] for left
Completed run combination [1, 2] for left in 461.05 seconds
Processing run combination [1, 3] for left
Completed run combination [1, 3] for left in 459.34 seconds
Processing run combination [2, 3] for left
Completed run combination [2, 3] for left in 453.70 seconds
Saved FC result for left
Completed left in 1374.77 seconds
Processing Hemisphere: right
Processing run combination [1, 2] for right
Completed run combination [1, 2] for right in 456.62 seconds
Processing run combination [1, 3] for right
Completed run combination [1, 3] for right in 455.72 seconds
Processing run combination [2, 3] for right
Completed run combination [2, 3] for right in 452.96 seconds
Saved FC result for right
Completed right in 1366.01 seconds
