✅ Received subject from command line: sub-038
Processing subject: sub-038
Processing Hemisphere: left
Processing run combination [1, 2] for left
Completed run combination [1, 2] for left in 553.52 seconds
Processing run combination [1, 3] for left
Completed run combination [1, 3] for left in 540.87 seconds
Processing run combination [2, 3] for left
Completed run combination [2, 3] for left in 540.88 seconds
Saved FC result for left
Completed left in 1636.04 seconds
Processing Hemisphere: right
Processing run combination [1, 2] for right
Completed run combination [1, 2] for right in 532.75 seconds
Processing run combination [1, 3] for right
Completed run combination [1, 3] for right in 522.79 seconds
Processing run combination [2, 3] for right
Completed run combination [2, 3] for right in 505.02 seconds
Saved FC result for right
Completed right in 1561.35 seconds
