✅ Received subject from command line: sub-025
Processing subject: sub-025
Processing Hemisphere: left
Processing run combination [1, 2] for left
Completed run combination [1, 2] for left in 562.45 seconds
Processing run combination [1, 3] for left
Completed run combination [1, 3] for left in 535.53 seconds
Processing run combination [2, 3] for left
Completed run combination [2, 3] for left in 537.93 seconds
Saved FC result for left
Completed left in 1636.78 seconds
Processing Hemisphere: right
Processing run combination [1, 2] for right
Completed run combination [1, 2] for right in 527.27 seconds
Processing run combination [1, 3] for right
Completed run combination [1, 3] for right in 518.62 seconds
Processing run combination [2, 3] for right
Completed run combination [2, 3] for right in 504.33 seconds
Saved FC result for right
Completed right in 1551.05 seconds
