✅ Received subject from command line: sub-071
Processing subject: sub-071
Processing Hemisphere: left
Processing run combination [1, 2] for left
Completed run combination [1, 2] for left in 536.11 seconds
Processing run combination [1, 3] for left
Completed run combination [1, 3] for left in 506.82 seconds
Processing run combination [2, 3] for left
Completed run combination [2, 3] for left in 488.25 seconds
Saved FC result for left
Completed left in 1532.06 seconds
Processing Hemisphere: right
Processing run combination [1, 2] for right
Completed run combination [1, 2] for right in 533.48 seconds
Processing run combination [1, 3] for right
Completed run combination [1, 3] for right in 576.48 seconds
Processing run combination [2, 3] for right
Completed run combination [2, 3] for right in 578.08 seconds
Saved FC result for right
Completed right in 1688.93 seconds
