✅ Received subject from command line: sub-068
Processing subject: sub-068
Processing Hemisphere: left
Processing run combination [1, 2] for left
Completed run combination [1, 2] for left in 526.06 seconds
Processing run combination [1, 3] for left
Completed run combination [1, 3] for left in 512.31 seconds
Processing run combination [2, 3] for left
Completed run combination [2, 3] for left in 508.17 seconds
Saved FC result for left
Completed left in 1547.33 seconds
Processing Hemisphere: right
Processing run combination [1, 2] for right
Completed run combination [1, 2] for right in 505.58 seconds
Processing run combination [1, 3] for right
Completed run combination [1, 3] for right in 493.20 seconds
Processing run combination [2, 3] for right
Completed run combination [2, 3] for right in 491.62 seconds
Saved FC result for right
Completed right in 1491.10 seconds
