✅ Received subject from command line: sub-095
Processing subject: sub-095
Processing Hemisphere: left
Processing run combination [1, 2] for left
Completed run combination [1, 2] for left in 535.47 seconds
Processing run combination [1, 3] for left
Completed run combination [1, 3] for left in 518.12 seconds
Processing run combination [2, 3] for left
Completed run combination [2, 3] for left in 491.71 seconds
Saved FC result for left
Completed left in 1546.13 seconds
Processing Hemisphere: right
Processing run combination [1, 2] for right
Completed run combination [1, 2] for right in 495.08 seconds
Processing run combination [1, 3] for right
Completed run combination [1, 3] for right in 493.21 seconds
Processing run combination [2, 3] for right
Completed run combination [2, 3] for right in 487.05 seconds
Saved FC result for right
Completed right in 1476.13 seconds
