✅ Received subject from command line: sub-088
Processing subject: sub-088
Processing Hemisphere: left
Processing run combination [1, 2] for left
Completed run combination [1, 2] for left in 612.55 seconds
Processing run combination [1, 3] for left
Completed run combination [1, 3] for left in 608.96 seconds
Processing run combination [2, 3] for left
Completed run combination [2, 3] for left in 586.89 seconds
Saved FC result for left
Completed left in 1809.21 seconds
Processing Hemisphere: right
Processing run combination [1, 2] for right
Completed run combination [1, 2] for right in 577.08 seconds
Processing run combination [1, 3] for right
Completed run combination [1, 3] for right in 575.89 seconds
Processing run combination [2, 3] for right
Completed run combination [2, 3] for right in 558.13 seconds
Saved FC result for right
Completed right in 1711.93 seconds
