✅ Received subject from command line: sub-107
Processing subject: sub-107
Processing Hemisphere: left
Processing run combination [1, 2] for left
Completed run combination [1, 2] for left in 531.52 seconds
Processing run combination [1, 3] for left
Completed run combination [1, 3] for left in 507.17 seconds
Processing run combination [2, 3] for left
Completed run combination [2, 3] for left in 493.19 seconds
Saved FC result for left
Completed left in 1532.65 seconds
Processing Hemisphere: right
Processing run combination [1, 2] for right
Completed run combination [1, 2] for right in 487.31 seconds
Processing run combination [1, 3] for right
Completed run combination [1, 3] for right in 486.41 seconds
Processing run combination [2, 3] for right
Completed run combination [2, 3] for right in 480.28 seconds
Saved FC result for right
Completed right in 1454.72 seconds
