✅ Received subject from command line: sub-083
Processing subject: sub-083
Processing Hemisphere: left
Processing run combination [1, 2] for left
Completed run combination [1, 2] for left in 609.06 seconds
Processing run combination [1, 3] for left
Completed run combination [1, 3] for left in 601.28 seconds
Processing run combination [2, 3] for left
Completed run combination [2, 3] for left in 578.74 seconds
Saved FC result for left
Completed left in 1790.03 seconds
Processing Hemisphere: right
Processing run combination [1, 2] for right
Completed run combination [1, 2] for right in 566.88 seconds
Processing run combination [1, 3] for right
Completed run combination [1, 3] for right in 569.69 seconds
Processing run combination [2, 3] for right
Completed run combination [2, 3] for right in 561.42 seconds
Saved FC result for right
Completed right in 1698.89 seconds
