✅ Received subject from command line: sub-097
Processing subject: sub-097
Processing Hemisphere: left
Processing run combination [1, 2] for left
Completed run combination [1, 2] for left in 536.39 seconds
Processing run combination [1, 3] for left
Completed run combination [1, 3] for left in 527.68 seconds
Processing run combination [2, 3] for left
Completed run combination [2, 3] for left in 509.03 seconds
Saved FC result for left
Completed left in 1573.92 seconds
Processing Hemisphere: right
Processing run combination [1, 2] for right
Completed run combination [1, 2] for right in 502.97 seconds
Processing run combination [1, 3] for right
Completed run combination [1, 3] for right in 502.97 seconds
Processing run combination [2, 3] for right
Completed run combination [2, 3] for right in 491.90 seconds
Saved FC result for right
Completed right in 1498.57 seconds
