✅ Received subject from command line: sub-067
Processing subject: sub-067
Processing Hemisphere: left
Processing run combination [1, 2] for left
Completed run combination [1, 2] for left in 524.71 seconds
Processing run combination [1, 3] for left
Completed run combination [1, 3] for left in 505.88 seconds
Processing run combination [2, 3] for left
Completed run combination [2, 3] for left in 503.00 seconds
Saved FC result for left
Completed left in 1534.44 seconds
Processing Hemisphere: right
Processing run combination [1, 2] for right
Completed run combination [1, 2] for right in 500.52 seconds
Processing run combination [1, 3] for right
Completed run combination [1, 3] for right in 497.21 seconds
Processing run combination [2, 3] for right
Completed run combination [2, 3] for right in 490.32 seconds
Saved FC result for right
Completed right in 1488.80 seconds
