✅ Received subject from command line: sub-057
Processing subject: sub-057
Processing Hemisphere: left
Processing run combination [1, 2] for left
Completed run combination [1, 2] for left in 553.48 seconds
Processing run combination [1, 3] for left
Completed run combination [1, 3] for left in 542.02 seconds
Processing run combination [2, 3] for left
Completed run combination [2, 3] for left in 549.39 seconds
Saved FC result for left
Completed left in 1645.66 seconds
Processing Hemisphere: right
Processing run combination [1, 2] for right
Completed run combination [1, 2] for right in 534.33 seconds
Processing run combination [1, 3] for right
Completed run combination [1, 3] for right in 525.74 seconds
Processing run combination [2, 3] for right
Completed run combination [2, 3] for right in 506.16 seconds
Saved FC result for right
Completed right in 1566.94 seconds
