✅ Received subject from command line: sub-059
Processing subject: sub-059
Processing Hemisphere: left
Processing run combination [1, 2] for left
Completed run combination [1, 2] for left in 547.79 seconds
Processing run combination [1, 3] for left
Completed run combination [1, 3] for left in 532.44 seconds
Processing run combination [2, 3] for left
Completed run combination [2, 3] for left in 525.29 seconds
Saved FC result for left
Completed left in 1606.33 seconds
Processing Hemisphere: right
Processing run combination [1, 2] for right
Completed run combination [1, 2] for right in 524.09 seconds
Processing run combination [1, 3] for right
Completed run combination [1, 3] for right in 519.66 seconds
Processing run combination [2, 3] for right
Completed run combination [2, 3] for right in 502.96 seconds
Saved FC result for right
Completed right in 1547.41 seconds
