✅ Received subject from command line: sub-093
Processing subject: sub-093
Processing Hemisphere: left
Processing run combination [1, 2] for left
Completed run combination [1, 2] for left in 610.74 seconds
Processing run combination [1, 3] for left
Completed run combination [1, 3] for left in 587.50 seconds
Processing run combination [2, 3] for left
Completed run combination [2, 3] for left in 568.13 seconds
Saved FC result for left
Completed left in 1767.26 seconds
Processing Hemisphere: right
Processing run combination [1, 2] for right
Completed run combination [1, 2] for right in 565.57 seconds
Processing run combination [1, 3] for right
Completed run combination [1, 3] for right in 565.05 seconds
Processing run combination [2, 3] for right
Completed run combination [2, 3] for right in 488.06 seconds
Saved FC result for right
Completed right in 1619.34 seconds
