✅ Received subject from command line: sub-087
Processing subject: sub-087
Processing Hemisphere: left
Processing run combination [1, 2] for left
Completed run combination [1, 2] for left in 612.78 seconds
Processing run combination [1, 3] for left
Completed run combination [1, 3] for left in 610.55 seconds
Processing run combination [2, 3] for left
Completed run combination [2, 3] for left in 589.46 seconds
Saved FC result for left
Completed left in 1813.63 seconds
Processing Hemisphere: right
Processing run combination [1, 2] for right
Completed run combination [1, 2] for right in 580.56 seconds
Processing run combination [1, 3] for right
Completed run combination [1, 3] for right in 574.74 seconds
Processing run combination [2, 3] for right
Completed run combination [2, 3] for right in 557.55 seconds
Saved FC result for right
Completed right in 1713.58 seconds
