✅ Received subject from command line: sub-064
Processing subject: sub-064
Processing Hemisphere: left
Processing run combination [1, 2] for left
Completed run combination [1, 2] for left in 523.69 seconds
Processing run combination [1, 3] for left
Completed run combination [1, 3] for left in 503.39 seconds
Processing run combination [2, 3] for left
Completed run combination [2, 3] for left in 500.17 seconds
Saved FC result for left
Completed left in 1528.09 seconds
Processing Hemisphere: right
Processing run combination [1, 2] for right
Completed run combination [1, 2] for right in 494.62 seconds
Processing run combination [1, 3] for right
Completed run combination [1, 3] for right in 488.85 seconds
Processing run combination [2, 3] for right
Completed run combination [2, 3] for right in 491.59 seconds
Saved FC result for right
Completed right in 1475.89 seconds
